---- light / ericw-tools v0.18.1 ----
Raytracing backend: Embree
running with 4 threads
LoadBSPFile: 'TrialMap.bsp'
BSP is version 29
--- LoadEntities ---
6 entities read, 2 are lights.
--- OptionsSummary ---
Embree_TraceInit: Embree version: 2.15.0
Embree_TraceInit:
	0 sky faces
	52 solid faces
	0 filtered faces
	0 shadow-casting skip faces
SetupLights: 2 initial lights
SetupLights: 2 after surface lights
SetupLights: 2 after jittering
--- EstimateLightVisibility ---
0....1....2....3....4....5
Final count: 2 lights 0 suns in use.
--- LightWorld ---
0....1....2....3....4....5....6....7....8....9....
Lighting Completed.

lightdatasize: 5027
0 switchable light styles (32 max)
Writing TrialMap.bsp as BSP version 29
0.401 seconds elapsed

stats:
0.549826 lights tested, 0.411034 hits per sample point
0.000000 bounce lights tested, 0.000000 hits per sample point
0 empty lightmaps
